

============================== 2022-04-06 10:09:41.762262 | cd422501-80a8-4368-80d6-9dc3872e73e3 ==============================
10:09:41.762262 [info ] [MainThread]: Running with dbt=1.0.4
10:09:41.766273 [debug] [MainThread]: running dbt with arguments Namespace(cls=<class 'dbt.task.init.InitTask'>, debug=None, defer=None, event_buffer_size=None, fail_fast=None, log_cache_events=False, log_format=None, partial_parse=None, printer_width=None, profile=None, profiles_dir='C:\\Users\\aem\\.dbt', project_dir=None, project_name='.', record_timing_info=None, rpc_method=None, send_anonymous_usage_stats=None, single_threaded=False, skip_profile_setup=False, state=None, static_parser=None, target=None, use_colors=None, use_experimental_parser=None, vars='{}', version_check=None, warn_error=None, which='init', write_json=None)
10:09:41.769270 [debug] [MainThread]: Tracking: tracking
10:09:41.772262 [debug] [MainThread]: Sending event: {'category': 'dbt', 'action': 'invocation', 'label': 'start', 'context': [<snowplow_tracker.self_describing_json.SelfDescribingJson object at 0x00000274602DA548>, <snowplow_tracker.self_describing_json.SelfDescribingJson object at 0x000002745B988C88>, <snowplow_tracker.self_describing_json.SelfDescribingJson object at 0x00000274602DAF48>]}
10:10:32.434599 [debug] [MainThread]: Starter project path: c:\users\aem\desktop\projects\data_engineering\homework-data2020\env\lib\site-packages\dbt\include\starter_project
10:16:33.562330 [info ] [MainThread]: Profile dbt_homework written to C:\Users\aem\.dbt\profiles.yml using target's profile_template.yml and your supplied values. Run 'dbt debug' to validate the connection.
10:16:33.566320 [info ] [MainThread]: 
Your new dbt project "dbt_homework" was created!

For more information on how to configure the profiles.yml file,
please consult the dbt documentation here:

  https://docs.getdbt.com/docs/configure-your-profile

One more thing:

Need help? Don't hesitate to reach out to us via GitHub issues or on Slack:

  https://community.getdbt.com/

Happy modeling!

10:16:33.578323 [debug] [MainThread]: Sending event: {'category': 'dbt', 'action': 'invocation', 'label': 'end', 'context': [<snowplow_tracker.self_describing_json.SelfDescribingJson object at 0x00000274602D3288>, <snowplow_tracker.self_describing_json.SelfDescribingJson object at 0x00000274602D3A48>, <snowplow_tracker.self_describing_json.SelfDescribingJson object at 0x00000274602CE1C8>]}


============================== 2022-04-06 10:20:11.976834 | d334f09b-dd67-4531-9dcc-81cfac7c3790 ==============================
10:20:11.976834 [info ] [MainThread]: Running with dbt=1.0.4
10:20:11.979835 [debug] [MainThread]: running dbt with arguments Namespace(cls=<class 'dbt.task.debug.DebugTask'>, config_dir=False, debug=None, defer=None, event_buffer_size=None, fail_fast=None, log_cache_events=False, log_format=None, partial_parse=None, printer_width=None, profile=None, profiles_dir='C:\\Users\\aem\\.dbt', project_dir=None, record_timing_info=None, rpc_method=None, send_anonymous_usage_stats=None, single_threaded=False, state=None, static_parser=None, target=None, use_colors=None, use_experimental_parser=None, vars='{}', version_check=None, warn_error=None, which='debug', write_json=None)
10:20:11.981833 [debug] [MainThread]: Tracking: tracking
10:20:11.983833 [debug] [MainThread]: Sending event: {'category': 'dbt', 'action': 'invocation', 'label': 'start', 'context': [<snowplow_tracker.self_describing_json.SelfDescribingJson object at 0x000001C17DE0DFC8>, <snowplow_tracker.self_describing_json.SelfDescribingJson object at 0x000001C17DE14048>, <snowplow_tracker.self_describing_json.SelfDescribingJson object at 0x000001C17DE144C8>]}
10:20:13.806213 [debug] [MainThread]: Executing "git --help"
10:20:13.877225 [debug] [MainThread]: STDOUT: "b"usage: git [--version] [--help] [-C <path>] [-c <name>=<value>]\n           [--exec-path[=<path>]] [--html-path] [--man-path] [--info-path]\n           [-p | --paginate | -P | --no-pager] [--no-replace-objects] [--bare]\n           [--git-dir=<path>] [--work-tree=<path>] [--namespace=<name>]\n           <command> [<args>]\n\nThese are common Git commands used in various situations:\n\nstart a working area (see also: git help tutorial)\n   clone      Clone a repository into a new directory\n   init       Create an empty Git repository or reinitialize an existing one\n\nwork on the current change (see also: git help everyday)\n   add        Add file contents to the index\n   mv         Move or rename a file, a directory, or a symlink\n   reset      Reset current HEAD to the specified state\n   rm         Remove files from the working tree and from the index\n\nexamine the history and state (see also: git help revisions)\n   bisect     Use binary search to find the commit that introduced a bug\n   grep       Print lines matching a pattern\n   log        Show commit logs\n   show       Show various types of objects\n   status     Show the working tree status\n\ngrow, mark and tweak your common history\n   branch     List, create, or delete branches\n   checkout   Switch branches or restore working tree files\n   commit     Record changes to the repository\n   diff       Show changes between commits, commit and working tree, etc\n   merge      Join two or more development histories together\n   rebase     Reapply commits on top of another base tip\n   tag        Create, list, delete or verify a tag object signed with GPG\n\ncollaborate (see also: git help workflows)\n   fetch      Download objects and refs from another repository\n   pull       Fetch from and integrate with another repository or a local branch\n   push       Update remote refs along with associated objects\n\n'git help -a' and 'git help -g' list available subcommands and some\nconcept guides. See 'git help <command>' or 'git help <concept>'\nto read about a specific subcommand or concept.\n""
10:20:13.879215 [debug] [MainThread]: STDERR: "b''"
10:20:13.889215 [debug] [MainThread]: Sending event: {'category': 'dbt', 'action': 'invocation', 'label': 'end', 'context': [<snowplow_tracker.self_describing_json.SelfDescribingJson object at 0x000001C17DE432C8>, <snowplow_tracker.self_describing_json.SelfDescribingJson object at 0x000001C17DE23D48>, <snowplow_tracker.self_describing_json.SelfDescribingJson object at 0x000001C17DE23748>]}
